2023-03-28T10:20:05+00:00 DEBUG tt4b_product_sync: missing access token for tt4b_product_sync
2023-03-28T10:20:05+00:00 DEBUG tt4b_product_sync: missing access token for tt4b_product_sync
2023-03-28T10:20:07+00:00 DEBUG tt4b_product_sync: missing access token for tt4b_product_sync
2023-03-28T10:20:08+00:00 DEBUG tt4b_product_sync: missing access token for tt4b_product_sync
2023-03-28T10:20:09+00:00 DEBUG tt4b_product_sync: missing access token for tt4b_product_sync
2023-03-28T10:20:10+00:00 DEBUG tt4b_product_sync: missing access token for tt4b_product_sync
2023-03-28T10:21:19+00:00 DEBUG tt4b_product_sync: missing access token for tt4b_product_sync
2023-03-28T10:21:46+00:00 DEBUG tt4b_product_sync: missing access token for tt4b_product_sync
2023-03-28T10:22:03+00:00 DEBUG Tt4b_Pixel_Class::inject_view_content_event: hit injectViewContentEvent
2023-03-28T10:22:03+00:00 DEBUG Tt4b_Pixel_Class::inject_view_content_event: Missing option "access_token"
2023-03-28T10:22:19+00:00 DEBUG Tt4b_Pixel_Class::inject_add_to_cart_event: hit injectAddToCartEvent
2023-03-28T10:22:19+00:00 DEBUG Tt4b_Pixel_Class::inject_add_to_cart_event: Missing option "access_token"
2023-03-28T10:22:20+00:00 DEBUG Tt4b_Pixel_Class::inject_view_content_event: hit injectViewContentEvent
2023-03-28T10:22:20+00:00 DEBUG Tt4b_Pixel_Class::inject_view_content_event: Missing option "access_token"
2023-03-28T10:22:57+00:00 DEBUG Tt4b_Pixel_Class::inject_view_content_event: hit injectViewContentEvent
2023-03-28T10:22:57+00:00 DEBUG Tt4b_Pixel_Class::inject_view_content_event: Missing option "access_token"
2023-03-28T10:23:30+00:00 DEBUG Tt4b_Pixel_Class::inject_view_content_event: hit injectViewContentEvent
2023-03-28T10:23:30+00:00 DEBUG Tt4b_Pixel_Class::inject_view_content_event: Missing option "access_token"
2023-03-28T10:42:26+00:00 DEBUG Tt4b_Pixel_Class::inject_view_content_event: hit injectViewContentEvent
2023-03-28T10:42:26+00:00 DEBUG Tt4b_Pixel_Class::inject_view_content_event: Missing option "access_token"
2023-03-28T10:42:32+00:00 DEBUG Tt4b_Pixel_Class::inject_add_to_cart_event: hit injectAddToCartEvent
2023-03-28T10:42:32+00:00 DEBUG Tt4b_Pixel_Class::inject_add_to_cart_event: Missing option "access_token"
2023-03-28T10:42:32+00:00 DEBUG Tt4b_Pixel_Class::inject_view_content_event: hit injectViewContentEvent
2023-03-28T10:42:32+00:00 DEBUG Tt4b_Pixel_Class::inject_view_content_event: Missing option "access_token"
2023-03-28T10:42:51+00:00 DEBUG Tt4b_Pixel_Class::inject_start_checkout: hit injectStartCheckout
2023-03-28T10:42:51+00:00 DEBUG Tt4b_Pixel_Class::inject_start_checkout: Missing option "access_token"
